ZIP 47922: The HTTP request to the remote WebDriver server for URL http://localhost:50544/session/72ad4fd2-c12c-41a9-9ab3-4dbdf495b9fa/url timed out after 60 seconds.
   at OpenQA.Selenium.Remote.HttpCommandExecutor.ExecuteAsync(Command commandToExecute)
   at OpenQA.Selenium.Remote.DriverServiceCommandExecutor.ExecuteAsync(Command commandToExecute)
   at OpenQA.Selenium.WebDriver.ExecuteAsync(String driverCommandToExecute, Dictionary`2 parameters)
   at OpenQA.Selenium.Navigator.GoToUrlAsync(String url)
   at OpenQA.Selenium.Navigator.<>c__DisplayClass6_0.<<GoToUrl>b__0>d.MoveNext()
--- End of stack trace from previous location ---
   at OpenQA.Selenium.Navigator.GoToUrl(String url)
   at Program.Main(String[] args) in C:\Users\Service Account\source\repos\PublicSquareMirror\PublicSquareMirror\Program.cs:line 61

ZIP 47923: The HTTP request to the remote WebDriver server for URL http://localhost:50544/session/72ad4fd2-c12c-41a9-9ab3-4dbdf495b9fa/url timed out after 60 seconds.
   at OpenQA.Selenium.Remote.HttpCommandExecutor.ExecuteAsync(Command commandToExecute)
   at OpenQA.Selenium.Remote.DriverServiceCommandExecutor.ExecuteAsync(Command commandToExecute)
   at OpenQA.Selenium.WebDriver.ExecuteAsync(String driverCommandToExecute, Dictionary`2 parameters)
   at OpenQA.Selenium.Navigator.GoToUrlAsync(String url)
   at OpenQA.Selenium.Navigator.<>c__DisplayClass6_0.<<GoToUrl>b__0>d.MoveNext()
--- End of stack trace from previous location ---
   at OpenQA.Selenium.Navigator.GoToUrl(String url)
   at Program.Main(String[] args) in C:\Users\Service Account\source\repos\PublicSquareMirror\PublicSquareMirror\Program.cs:line 61

ZIP 47924: The HTTP request to the remote WebDriver server for URL http://localhost:50544/session/72ad4fd2-c12c-41a9-9ab3-4dbdf495b9fa/url timed out after 60 seconds.
   at OpenQA.Selenium.Remote.HttpCommandExecutor.ExecuteAsync(Command commandToExecute)
   at OpenQA.Selenium.Remote.DriverServiceCommandExecutor.ExecuteAsync(Command commandToExecute)
   at OpenQA.Selenium.WebDriver.ExecuteAsync(String driverCommandToExecute, Dictionary`2 parameters)
   at OpenQA.Selenium.Navigator.GoToUrlAsync(String url)
   at OpenQA.Selenium.Navigator.<>c__DisplayClass6_0.<<GoToUrl>b__0>d.MoveNext()
--- End of stack trace from previous location ---
   at OpenQA.Selenium.Navigator.GoToUrl(String url)
   at Program.Main(String[] args) in C:\Users\Service Account\source\repos\PublicSquareMirror\PublicSquareMirror\Program.cs:line 61

